
  .   ____          _            __ _ _
 /\\ / ___'_ __ _ _(_)_ __  __ _ \ \ \ \
( ( )\___ | '_ | '_| | '_ \/ _` | \ \ \ \
 \\/  ___)| |_)| | | | | || (_| |  ) ) ) )
  '  |____| .__|_| |_|_| |_\__, | / / / /
 =========|_|==============|___/=/_/_/_/

 :: Spring Boot ::                (v3.3.4)

2026-07-13T12:34:42.269+05:30  INFO 20136 --- [           main] c.b.o.OrchestratorApplication            : Starting OrchestratorApplication v0.1.0 using Java 24.0.1 with PID 20136 (C:\Users\2636664\projects\job-orchestrator\build\libs\job-orchestrator-0.1.0.jar started by 2636664 in C:\Users\2636664\projects\job-orchestrator)
2026-07-13T12:34:42.272+05:30  INFO 20136 --- [           main] c.b.o.OrchestratorApplication            : No active profile set, falling back to 1 default profile: "default"
2026-07-13T12:34:43.518+05:30  INFO 20136 --- [           main] .s.d.r.c.RepositoryConfigurationDelegate : Bootstrapping Spring Data JPA repositories in DEFAULT mode.
2026-07-13T12:34:43.663+05:30  INFO 20136 --- [           main] .s.d.r.c.RepositoryConfigurationDelegate : Finished Spring Data repository scanning in 124 ms. Found 2 JPA repository interfaces.
WARNING: A restricted method in java.lang.System has been called
WARNING: java.lang.System::load has been called by org.apache.tomcat.jni.Library in an unnamed module (jar:nested:/C:/Users/2636664/projects/job-orchestrator/build/libs/job-orchestrator-0.1.0.jar/!BOOT-INF/lib/tomcat-embed-core-10.1.30.jar!/)
WARNING: Use --enable-native-access=ALL-UNNAMED to avoid a warning for callers in this module
WARNING: Restricted methods will be blocked in a future release unless native access is enabled

2026-07-13T12:34:44.763+05:30  INFO 20136 --- [           main] o.s.b.w.embedded.tomcat.TomcatWebServer  : Tomcat initialized with port 8090 (http)
2026-07-13T12:34:44.809+05:30  INFO 20136 --- [           main] o.apache.catalina.core.StandardService   : Starting service [Tomcat]
2026-07-13T12:34:44.810+05:30  INFO 20136 --- [           main] o.apache.catalina.core.StandardEngine    : Starting Servlet engine: [Apache Tomcat/10.1.30]
2026-07-13T12:34:44.855+05:30  INFO 20136 --- [           main] o.a.c.c.C.[Tomcat].[localhost].[/]       : Initializing Spring embedded WebApplicationContext
2026-07-13T12:34:44.857+05:30  INFO 20136 --- [           main] w.s.c.ServletWebServerApplicationContext : Root WebApplicationContext: initialization completed in 2515 ms
2026-07-13T12:34:44.916+05:30  INFO 20136 --- [           main] com.zaxxer.hikari.HikariDataSource       : HikariPool-1 - Starting...
2026-07-13T12:34:45.302+05:30  INFO 20136 --- [           main] com.zaxxer.hikari.pool.HikariPool        : HikariPool-1 - Added connection conn0: url=jdbc:h2:file:./data/orchestrator user=SA
2026-07-13T12:34:45.307+05:30  INFO 20136 --- [           main] com.zaxxer.hikari.HikariDataSource       : HikariPool-1 - Start completed.
2026-07-13T12:34:45.332+05:30  INFO 20136 --- [           main] o.s.b.a.h2.H2ConsoleAutoConfiguration    : H2 console available at '/h2'. Database available at 'jdbc:h2:file:./data/orchestrator'
2026-07-13T12:34:45.619+05:30  INFO 20136 --- [           main] o.hibernate.jpa.internal.util.LogHelper  : HHH000204: Processing PersistenceUnitInfo [name: default]
2026-07-13T12:34:45.735+05:30  INFO 20136 --- [           main] org.hibernate.Version                    : HHH000412: Hibernate ORM core version 6.5.3.Final
2026-07-13T12:34:45.808+05:30  INFO 20136 --- [           main] o.h.c.internal.RegionFactoryInitiator    : HHH000026: Second-level cache disabled
2026-07-13T12:34:46.271+05:30  INFO 20136 --- [           main] o.s.o.j.p.SpringPersistenceUnitInfo      : No LoadTimeWeaver setup: ignoring JPA class transformer
2026-07-13T12:34:47.432+05:30  INFO 20136 --- [           main] o.h.e.t.j.p.i.JtaPlatformInitiator       : HHH000489: No JTA platform available (set 'hibernate.transaction.jta.platform' to enable JTA platform integration)
2026-07-13T12:34:47.504+05:30  INFO 20136 --- [           main] j.LocalContainerEntityManagerFactoryBean : Initialized JPA EntityManagerFactory for persistence unit 'default'
2026-07-13T12:34:48.390+05:30  INFO 20136 --- [           main] o.s.b.a.w.s.WelcomePageHandlerMapping    : Adding welcome page: class path resource [static/index.html]
2026-07-13T12:34:49.137+05:30  INFO 20136 --- [           main] o.s.b.w.embedded.tomcat.TomcatWebServer  : Tomcat started on port 8090 (http) with context path '/'
2026-07-13T12:34:49.208+05:30  INFO 20136 --- [           main] c.b.o.OrchestratorApplication            : Started OrchestratorApplication in 7.749 seconds (process running for 8.683)
